This file contains any messages produced by compilers while
running configure, to aid debugging if configure makes a mistake.

It was created by configure, which was
generated by GNU Autoconf 2.69.  Invocation command line was

  $ ./configure --with-pspell=/app/user/aspell

## --------- ##
## Platform. ##
## --------- ##

hostname = 35007c0e0e97
uname -m = x86_64
uname -r = 4.4.0-22-generic
uname -s = Linux
uname -v = #40-Ubuntu SMP Thu May 12 22:03:46 UTC 2016

/usr/bin/uname -p = unknown
/bin/uname -X     = unknown

/bin/arch              = unknown
/usr/bin/arch -k       = unknown
/usr/convex/getsysinfo = unknown
/usr/bin/hostinfo      = unknown
/bin/machine           = unknown
/usr/bin/oslevel       = unknown
/bin/universe          = unknown

PATH: /app/.heroku/php/bin
PATH: /app/.heroku/php/sbin
PATH: /usr/local/sbin
PATH: /usr/local/bin
PATH: /usr/sbin
PATH: /usr/bin
PATH: /sbin
PATH: /bin


## ----------- ##
## Core tests. ##
## ----------- ##

configure:2078: checking for grep that handles long lines and -e
configure:2136: result: /bin/grep
configure:2141: checking for egrep
configure:2203: result: /bin/grep -E
configure:2208: checking for a sed that does not truncate output
configure:2272: result: /bin/sed
configure:2406: checking for cc
configure:2422: found /usr/bin/cc
configure:2433: result: cc
configure:2464: checking for C compiler version
configure:2473: cc --version >&5
cc (Ubuntu 4.8.4-2ubuntu1~14.04.1) 4.8.4
Copyright (C) 2013 Free Software Foundation, Inc.
This is free software; see the source for copying conditions.  There is NO
warranty; not even for MERCHANTABILITY or FITNESS FOR A PARTICULAR PURPOSE.

configure:2484: $? = 0
configure:2473: cc -v >&5
Using built-in specs.
COLLECT_GCC=cc
COLLECT_LTO_WRAPPER=/usr/lib/gcc/x86_64-linux-gnu/4.8/lto-wrapper
Target: x86_64-linux-gnu
Configured with: ../src/configure -v --with-pkgversion='Ubuntu 4.8.4-2ubuntu1~14.04.1' --with-bugurl=file:///usr/share/doc/gcc-4.8/README.Bugs --enable-languages=c,c++,java,go,d,fortran,objc,obj-c++ --prefix=/usr --program-suffix=-4.8 --enable-shared --enable-linker-build-id --libexecdir=/usr/lib --without-included-gettext --enable-threads=posix --with-gxx-include-dir=/usr/include/c++/4.8 --libdir=/usr/lib --enable-nls --with-sysroot=/ --enable-clocale=gnu --enable-libstdcxx-debug --enable-libstdcxx-time=yes --enable-gnu-unique-object --disable-libmudflap --enable-plugin --with-system-zlib --disable-browser-plugin --enable-java-awt=gtk --enable-gtk-cairo --with-java-home=/usr/lib/jvm/java-1.5.0-gcj-4.8-amd64/jre --enable-java-home --with-jvm-root-dir=/usr/lib/jvm/java-1.5.0-gcj-4.8-amd64 --with-jvm-jar-dir=/usr/lib/jvm-exports/java-1.5.0-gcj-4.8-amd64 --with-arch-directory=amd64 --with-ecj-jar=/usr/share/java/eclipse-ecj.jar --enable-objc-gc --enable-multiarch --disable-werror --with-arch-32=i686 --with-abi=m64 --with-multilib-list=m32,m64,mx32 --with-tune=generic --enable-checking=release --build=x86_64-linux-gnu --host=x86_64-linux-gnu --target=x86_64-linux-gnu
Thread model: posix
gcc version 4.8.4 (Ubuntu 4.8.4-2ubuntu1~14.04.1) 
configure:2484: $? = 0
configure:2473: cc -V >&5
cc: error: unrecognized command line option '-V'
cc: fatal error: no input files
compilation terminated.
configure:2484: $? = 4
configure:2473: cc -qversion >&5
cc: error: unrecognized command line option '-qversion'
cc: fatal error: no input files
compilation terminated.
configure:2484: $? = 4
configure:2504: checking whether the C compiler works
configure:2526: cc    conftest.c  >&5
configure:2530: $? = 0
configure:2578: result: yes
configure:2581: checking for C compiler default output file name
configure:2583: result: a.out
configure:2589: checking for suffix of executables
configure:2596: cc -o conftest    conftest.c  >&5
configure:2600: $? = 0
configure:2622: result: 
configure:2644: checking whether we are cross compiling
configure:2652: cc -o conftest    conftest.c  >&5
configure:2656: $? = 0
configure:2663: ./conftest
configure:2667: $? = 0
configure:2682: result: no
configure:2687: checking for suffix of object files
configure:2709: cc -c   conftest.c >&5
configure:2713: $? = 0
configure:2734: result: o
configure:2738: checking whether we are using the GNU C compiler
configure:2757: cc -c   conftest.c >&5
configure:2757: $? = 0
configure:2766: result: yes
configure:2775: checking whether cc accepts -g
configure:2795: cc -c -g  conftest.c >&5
configure:2795: $? = 0
configure:2836: result: yes
configure:2853: checking for cc option to accept ISO C89
configure:2916: cc  -c -g -O2  conftest.c >&5
configure:2916: $? = 0
configure:2929: result: none needed
configure:2955: checking how to run the C preprocessor
configure:2986: cc -E  conftest.c
configure:2986: $? = 0
configure:3000: cc -E  conftest.c
conftest.c:9:28: fatal error: ac_nonexistent.h: No such file or directory
 #include <ac_nonexistent.h>
                            ^
compilation terminated.
configure:3000: $? = 1
configure: failed program was:
| /* confdefs.h */
| #define PACKAGE_NAME ""
| #define PACKAGE_TARNAME ""
| #define PACKAGE_VERSION ""
| #define PACKAGE_STRING ""
| #define PACKAGE_BUGREPORT ""
| #define PACKAGE_URL ""
| /* end confdefs.h.  */
| #include <ac_nonexistent.h>
configure:3025: result: cc -E
configure:3045: cc -E  conftest.c
configure:3045: $? = 0
configure:3059: cc -E  conftest.c
conftest.c:9:28: fatal error: ac_nonexistent.h: No such file or directory
 #include <ac_nonexistent.h>
                            ^
compilation terminated.
configure:3059: $? = 1
configure: failed program was:
| /* confdefs.h */
| #define PACKAGE_NAME ""
| #define PACKAGE_TARNAME ""
| #define PACKAGE_VERSION ""
| #define PACKAGE_STRING ""
| #define PACKAGE_BUGREPORT ""
| #define PACKAGE_URL ""
| /* end confdefs.h.  */
| #include <ac_nonexistent.h>
configure:3090: checking for icc
configure:3099: result: no
configure:3113: checking for suncc
configure:3122: result: no
configure:3140: checking whether cc understands -c and -o together
configure:3168: cc -c conftest.c -o conftest2.o >&5
configure:3172: $? = 0
configure:3178: cc -c conftest.c -o conftest2.o >&5
configure:3182: $? = 0
configure:3237: result: yes
configure:3251: checking for system library directory
configure:3266: result: lib
configure:3273: checking if compiler supports -R
configure:3292: cc -o conftest -g -O2   conftest.c -R /usr/lib  >&5
cc: error: unrecognized command line option '-R'
configure:3292: $? = 1
configure: failed program was:
| /* confdefs.h */
| #define PACKAGE_NAME ""
| #define PACKAGE_TARNAME ""
| #define PACKAGE_VERSION ""
| #define PACKAGE_STRING ""
| #define PACKAGE_BUGREPORT ""
| #define PACKAGE_URL ""
| /* end confdefs.h.  */
| 
| int
| main ()
| {
| 
|   ;
|   return 0;
| }
configure:3302: result: no
configure:3307: checking if compiler supports -Wl,-rpath,
configure:3326: cc -o conftest -g -O2   conftest.c -Wl,-rpath,/usr/lib  >&5
configure:3326: $? = 0
configure:3336: result: yes
configure:3381: checking build system type
configure:3395: result: x86_64-pc-linux-gnu
configure:3415: checking host system type
configure:3428: result: x86_64-pc-linux-gnu
configure:3448: checking target system type
configure:3461: result: x86_64-pc-linux-gnu
configure:3564: checking for PHP prefix
configure:3566: result: /app/.heroku/php
configure:3568: checking for PHP includes
configure:3570: result: -I/app/.heroku/php/include/php -I/app/.heroku/php/include/php/main -I/app/.heroku/php/include/php/TSRM -I/app/.heroku/php/include/php/Zend -I/app/.heroku/php/include/php/ext -I/app/.heroku/php/include/php/ext/date/lib
configure:3572: checking for PHP extension directory
configure:3574: result: /app/.heroku/php/lib/php/extensions/no-debug-non-zts-20131226
configure:3576: checking for PHP installed headers prefix
configure:3578: result: /app/.heroku/php/include/php
configure:3581: checking if debug is enabled
configure:3607: result: no
configure:3610: checking if zts is enabled
configure:3636: result: no
configure:3707: checking for re2c
configure:3737: result: no
configure:3762: WARNING: You will need re2c 0.13.4 or later if you want to regenerate PHP parsers.
configure:3776: checking for gawk
configure:3807: result: no
configure:3776: checking for nawk
configure:3793: found /usr/bin/nawk
configure:3804: result: nawk
configure:3827: checking if nawk is broken
configure:3834: result: no
configure:3848: checking for PSPELL support
configure:3888: result: yes, shared
configure:4410: checking for new_aspell_config in -laspell
configure:4435: cc -o conftest -g -O2  -Wl,-rpath,/app/user/aspell/lib -L/app/user/aspell/lib  conftest.c -laspell   >&5
configure:4435: $? = 0
configure:4444: result: yes
configure:4658: checking how to print strings
configure:4685: result: printf
configure:4706: checking for a sed that does not truncate output
configure:4770: result: /bin/sed
configure:4788: checking for fgrep
configure:4850: result: /bin/grep -F
configure:4885: checking for ld used by cc
configure:4952: result: /usr/bin/ld
configure:4959: checking if the linker (/usr/bin/ld) is GNU ld
configure:4974: result: yes
configure:4986: checking for BSD- or MS-compatible name lister (nm)
configure:5035: result: /usr/bin/nm -B
configure:5165: checking the name lister (/usr/bin/nm -B) interface
configure:5172: cc -c -g -O2  conftest.c >&5
configure:5175: /usr/bin/nm -B "conftest.o"
configure:5178: output
0000000000000000 B some_variable
configure:5185: result: BSD nm
configure:5188: checking whether ln -s works
configure:5192: result: yes
configure:5200: checking the maximum length of command line arguments
configure:5331: result: 1572864
configure:5348: checking whether the shell understands some XSI constructs
configure:5358: result: yes
configure:5362: checking whether the shell understands "+="
configure:5368: result: yes
configure:5403: checking how to convert x86_64-pc-linux-gnu file names to x86_64-pc-linux-gnu format
configure:5443: result: func_convert_file_noop
configure:5450: checking how to convert x86_64-pc-linux-gnu file names to toolchain format
configure:5470: result: func_convert_file_noop
configure:5477: checking for /usr/bin/ld option to reload object files
configure:5484: result: -r
configure:5558: checking for objdump
configure:5574: found /usr/bin/objdump
configure:5585: result: objdump
configure:5617: checking how to recognize dependent libraries
configure:5815: result: pass_all
configure:5900: checking for dlltool
configure:5930: result: no
configure:5960: checking how to associate runtime and link libraries
configure:5987: result: printf %s\n
configure:6047: checking for ar
configure:6063: found /usr/bin/ar
configure:6074: result: ar
configure:6111: checking for archiver @FILE support
configure:6128: cc -c -g -O2  conftest.c >&5
configure:6128: $? = 0
configure:6131: ar cru libconftest.a @conftest.lst >&5
configure:6134: $? = 0
configure:6139: ar cru libconftest.a @conftest.lst >&5
ar: conftest.o: No such file or directory
configure:6142: $? = 1
configure:6154: result: @
configure:6212: checking for strip
configure:6228: found /usr/bin/strip
configure:6239: result: strip
configure:6311: checking for ranlib
configure:6327: found /usr/bin/ranlib
configure:6338: result: ranlib
configure:6415: checking for gawk
configure:6442: result: nawk
configure:6482: checking command to parse /usr/bin/nm -B output from cc object
configure:6602: cc -c -g -O2  conftest.c >&5
configure:6605: $? = 0
configure:6609: /usr/bin/nm -B conftest.o \| sed -n -e 's/^.*[ ]\([ABCDGIRSTW][ABCDGIRSTW]*\)[ ][ ]*\([_A-Za-z][_A-Za-z0-9]*\)$/\1 \2 \2/p' | sed '/ __gnu_lto/d' \> conftest.nm
configure:6612: $? = 0
configure:6678: cc -o conftest -g -O2   conftest.c conftstm.o >&5
configure:6681: $? = 0
configure:6719: result: ok
configure:6756: checking for sysroot
configure:6786: result: no
configure:6863: cc -c -g -O2  conftest.c >&5
configure:6866: $? = 0
configure:7055: checking for mt
configure:7071: found /bin/mt
configure:7082: result: mt
configure:7105: checking if mt is a manifest tool
configure:7111: mt '-?'
configure:7119: result: no
configure:7756: checking for ANSI C header files
configure:7776: cc -c -g -O2  conftest.c >&5
configure:7776: $? = 0
configure:7849: cc -o conftest -g -O2   conftest.c  >&5
configure:7849: $? = 0
configure:7849: ./conftest
configure:7849: $? = 0
configure:7860: result: yes
configure:7873: checking for sys/types.h
configure:7873: cc -c -g -O2  conftest.c >&5
configure:7873: $? = 0
configure:7873: result: yes
configure:7873: checking for sys/stat.h
configure:7873: cc -c -g -O2  conftest.c >&5
configure:7873: $? = 0
configure:7873: result: yes
configure:7873: checking for stdlib.h
configure:7873: cc -c -g -O2  conftest.c >&5
configure:7873: $? = 0
configure:7873: result: yes
configure:7873: checking for string.h
configure:7873: cc -c -g -O2  conftest.c >&5
configure:7873: $? = 0
configure:7873: result: yes
configure:7873: checking for memory.h
configure:7873: cc -c -g -O2  conftest.c >&5
configure:7873: $? = 0
configure:7873: result: yes
configure:7873: checking for strings.h
configure:7873: cc -c -g -O2  conftest.c >&5
configure:7873: $? = 0
configure:7873: result: yes
configure:7873: checking for inttypes.h
configure:7873: cc -c -g -O2  conftest.c >&5
configure:7873: $? = 0
configure:7873: result: yes
configure:7873: checking for stdint.h
configure:7873: cc -c -g -O2  conftest.c >&5
configure:7873: $? = 0
configure:7873: result: yes
configure:7873: checking for unistd.h
configure:7873: cc -c -g -O2  conftest.c >&5
configure:7873: $? = 0
configure:7873: result: yes
configure:7887: checking for dlfcn.h
configure:7887: cc -c -g -O2  conftest.c >&5
configure:7887: $? = 0
configure:7887: result: yes
configure:8093: checking for objdir
configure:8108: result: .libs
configure:8379: checking if cc supports -fno-rtti -fno-exceptions
configure:8397: cc -c -g -O2  -fno-rtti -fno-exceptions conftest.c >&5
cc1: warning: command line option '-fno-rtti' is valid for C++/ObjC++ but not for C [enabled by default]
configure:8401: $? = 0
configure:8414: result: no
configure:8741: checking for cc option to produce PIC
configure:8748: result: -fPIC -DPIC
configure:8756: checking if cc PIC flag -fPIC -DPIC works
configure:8774: cc -c -g -O2  -fPIC -DPIC -DPIC conftest.c >&5
configure:8778: $? = 0
configure:8791: result: yes
configure:8820: checking if cc static flag -static works
configure:8848: result: yes
configure:8863: checking if cc supports -c -o file.o
configure:8884: cc -c -g -O2  -o out/conftest2.o conftest.c >&5
configure:8888: $? = 0
configure:8910: result: yes
configure:8918: checking if cc supports -c -o file.o
configure:8965: result: yes
configure:8998: checking whether the cc linker (/usr/bin/ld -m elf_x86_64) supports shared libraries
configure:10155: result: yes
configure:10192: checking whether -lc should be explicitly linked in
configure:10200: cc -c -g -O2  conftest.c >&5
configure:10203: $? = 0
configure:10218: cc -shared  -fPIC -DPIC conftest.o  -v -Wl,-soname -Wl,conftest -o conftest 2\>\&1 \| /bin/grep  -lc  \>/dev/null 2\>\&1
configure:10221: $? = 0
configure:10235: result: no
configure:10395: checking dynamic linker characteristics
configure:10895: cc -o conftest -g -O2   -Wl,-rpath -Wl,/foo conftest.c  >&5
configure:10895: $? = 0
configure:11129: result: GNU/Linux ld.so
configure:11236: checking how to hardcode library paths into programs
configure:11261: result: immediate
configure:11801: checking whether stripping libraries is possible
configure:11806: result: yes
configure:11841: checking if libtool supports shared libraries
configure:11843: result: yes
configure:11846: checking whether to build shared libraries
configure:11867: result: yes
configure:11870: checking whether to build static libraries
configure:11874: result: no
configure:12150: creating ./config.status

## ---------------------- ##
## Running config.status. ##
## ---------------------- ##

This file was extended by config.status, which was
generated by GNU Autoconf 2.69.  Invocation command line was

  CONFIG_FILES    = 
  CONFIG_HEADERS  = 
  CONFIG_LINKS    = 
  CONFIG_COMMANDS = 
  $ ./config.status 

on 35007c0e0e97

config.status:887: creating config.h
config.status:977: config.h is unchanged
config.status:991: executing libtool commands

## ---------------- ##
## Cache variables. ##
## ---------------- ##

ac_cv_build=x86_64-pc-linux-gnu
ac_cv_c_compiler_gnu=yes
ac_cv_env_CC_set=
ac_cv_env_CC_value=
ac_cv_env_CFLAGS_set=
ac_cv_env_CFLAGS_value=
ac_cv_env_CPPFLAGS_set=
ac_cv_env_CPPFLAGS_value=
ac_cv_env_CPP_set=
ac_cv_env_CPP_value=
ac_cv_env_LDFLAGS_set=
ac_cv_env_LDFLAGS_value=
ac_cv_env_LIBS_set=
ac_cv_env_LIBS_value=
ac_cv_env_build_alias_set=
ac_cv_env_build_alias_value=
ac_cv_env_host_alias_set=
ac_cv_env_host_alias_value=
ac_cv_env_target_alias_set=
ac_cv_env_target_alias_value=
ac_cv_header_dlfcn_h=yes
ac_cv_header_inttypes_h=yes
ac_cv_header_memory_h=yes
ac_cv_header_stdc=yes
ac_cv_header_stdint_h=yes
ac_cv_header_stdlib_h=yes
ac_cv_header_string_h=yes
ac_cv_header_strings_h=yes
ac_cv_header_sys_stat_h=yes
ac_cv_header_sys_types_h=yes
ac_cv_header_unistd_h=yes
ac_cv_host=x86_64-pc-linux-gnu
ac_cv_lib_aspell_new_aspell_config=yes
ac_cv_objext=o
ac_cv_path_EGREP='/bin/grep -E'
ac_cv_path_FGREP='/bin/grep -F'
ac_cv_path_GREP=/bin/grep
ac_cv_path_SED=/bin/sed
ac_cv_prog_AWK=nawk
ac_cv_prog_CPP='cc -E'
ac_cv_prog_ac_ct_AR=ar
ac_cv_prog_ac_ct_CC=cc
ac_cv_prog_ac_ct_MANIFEST_TOOL=mt
ac_cv_prog_ac_ct_OBJDUMP=objdump
ac_cv_prog_ac_ct_RANLIB=ranlib
ac_cv_prog_ac_ct_STRIP=strip
ac_cv_prog_cc_c89=
ac_cv_prog_cc_cc_c_o=yes
ac_cv_prog_cc_g=yes
ac_cv_target=x86_64-pc-linux-gnu
lt_cv_ar_at_file=@
lt_cv_archive_cmds_need_lc=no
lt_cv_deplibs_check_method=pass_all
lt_cv_file_magic_cmd='$MAGIC_CMD'
lt_cv_file_magic_test_file=
lt_cv_ld_reload_flag=-r
lt_cv_nm_interface='BSD nm'
lt_cv_objdir=.libs
lt_cv_path_LD=/usr/bin/ld
lt_cv_path_NM='/usr/bin/nm -B'
lt_cv_path_mainfest_tool=no
lt_cv_prog_compiler_c_o=yes
lt_cv_prog_compiler_pic='-fPIC -DPIC'
lt_cv_prog_compiler_pic_works=yes
lt_cv_prog_compiler_rtti_exceptions=no
lt_cv_prog_compiler_static_works=yes
lt_cv_prog_gnu_ld=yes
lt_cv_sharedlib_from_linklib_cmd='printf %s\n'
lt_cv_shlibpath_overrides_runpath=no
lt_cv_sys_global_symbol_pipe='sed -n -e '\''s/^.*[	 ]\([ABCDGIRSTW][ABCDGIRSTW]*\)[	 ][	 ]*\([_A-Za-z][_A-Za-z0-9]*\)$/\1 \2 \2/p'\'' | sed '\''/ __gnu_lto/d'\'''
lt_cv_sys_global_symbol_to_c_name_address='sed -n -e '\''s/^: \([^ ]*\)[ ]*$/  {\"\1\", (void *) 0},/p'\'' -e '\''s/^[ABCDGIRSTW]* \([^ ]*\) \([^ ]*\)$/  {"\2", (void *) \&\2},/p'\'''
lt_cv_sys_global_symbol_to_c_name_address_lib_prefix='sed -n -e '\''s/^: \([^ ]*\)[ ]*$/  {\"\1\", (void *) 0},/p'\'' -e '\''s/^[ABCDGIRSTW]* \([^ ]*\) \(lib[^ ]*\)$/  {"\2", (void *) \&\2},/p'\'' -e '\''s/^[ABCDGIRSTW]* \([^ ]*\) \([^ ]*\)$/  {"lib\2", (void *) \&\2},/p'\'''
lt_cv_sys_global_symbol_to_cdecl='sed -n -e '\''s/^T .* \(.*\)$/extern int \1();/p'\'' -e '\''s/^[ABCDGIRSTW]* .* \(.*\)$/extern char \1;/p'\'''
lt_cv_sys_max_cmd_len=1572864
lt_cv_to_host_file_cmd=func_convert_file_noop
lt_cv_to_tool_file_cmd=func_convert_file_noop
php_cv_cc_dashr=no
php_cv_cc_rpath=yes

## ----------------- ##
## Output variables. ##
## ----------------- ##

AR='ar'
AWK='nawk'
CC='cc'
CFLAGS='-g -O2'
CONFIGURE_COMMAND=' '\''./configure'\''  '\''--with-pspell=/app/user/aspell'\'''
CONFIGURE_OPTIONS=' '\''--with-pspell=/app/user/aspell'\'''
CPP='cc -E'
CPPFLAGS=' -DHAVE_CONFIG_H'
DEFS='-DHAVE_CONFIG_H'
DLLTOOL='false'
DSYMUTIL=''
DUMPBIN=''
ECHO_C=''
ECHO_N='-n'
ECHO_T=''
EGREP='/bin/grep -E'
EXEEXT=''
FGREP='/bin/grep -F'
GREP='/bin/grep'
LD='/usr/bin/ld -m elf_x86_64'
LDFLAGS=''
LIBOBJS=''
LIBS=''
LIBTOOL='$(SHELL) $(top_builddir)/libtool'
LIPO=''
LN_S='ln -s'
LTLIBOBJS=''
MANIFEST_TOOL=':'
NM='/usr/bin/nm -B'
NMEDIT=''
OBJDUMP='objdump'
OBJEXT='o'
OTOOL64=''
OTOOL=''
PACKAGE_BUGREPORT=''
PACKAGE_NAME=''
PACKAGE_STRING=''
PACKAGE_TARNAME=''
PACKAGE_URL=''
PACKAGE_VERSION=''
PATH_SEPARATOR=':'
RANLIB='ranlib'
RE2C='exit 0;'
SED='/bin/sed'
SHELL='/bin/bash'
SHLIB_DL_SUFFIX_NAME='so'
SHLIB_SUFFIX_NAME='so'
STRIP='strip'
ac_ct_AR='ar'
ac_ct_CC='cc'
ac_ct_DUMPBIN=''
bindir='${exec_prefix}/bin'
build='x86_64-pc-linux-gnu'
build_alias=''
build_cpu='x86_64'
build_os='linux-gnu'
build_vendor='pc'
datadir='${datarootdir}'
datarootdir='${prefix}/share'
docdir='${datarootdir}/doc/${PACKAGE}'
dvidir='${docdir}'
exec_prefix='$(prefix)'
host='x86_64-pc-linux-gnu'
host_alias='x86_64-pc-linux-gnu'
host_cpu='x86_64'
host_os='linux-gnu'
host_vendor='pc'
htmldir='${docdir}'
includedir='${prefix}/include'
infodir='${datarootdir}/info'
libdir='${exec_prefix}/lib'
libexecdir='${exec_prefix}/libexec'
localedir='${datarootdir}/locale'
localstatedir='${prefix}/var'
mandir='${datarootdir}/man'
oldincludedir='/usr/include'
pdfdir='${docdir}'
prefix='/app/.heroku/php'
program_transform_name='s,x,x,'
psdir='${docdir}'
sbindir='${exec_prefix}/sbin'
sharedstatedir='${prefix}/com'
sysconfdir='${prefix}/etc'
target='x86_64-pc-linux-gnu'
target_alias=''
target_cpu='x86_64'
target_os='linux-gnu'
target_vendor='pc'

## ----------- ##
## confdefs.h. ##
## ----------- ##

/* confdefs.h */
#define PACKAGE_NAME ""
#define PACKAGE_TARNAME ""
#define PACKAGE_VERSION ""
#define PACKAGE_STRING ""
#define PACKAGE_BUGREPORT ""
#define PACKAGE_URL ""
#define COMPILE_DL_PSPELL 1
#define HAVE_PSPELL 1
#define STDC_HEADERS 1
#define HAVE_SYS_TYPES_H 1
#define HAVE_SYS_STAT_H 1
#define HAVE_STDLIB_H 1
#define HAVE_STRING_H 1
#define HAVE_MEMORY_H 1
#define HAVE_STRINGS_H 1
#define HAVE_INTTYPES_H 1
#define HAVE_STDINT_H 1
#define HAVE_UNISTD_H 1
#define HAVE_DLFCN_H 1
#define LT_OBJDIR ".libs/"

configure: exit 0
